ComposeNavRailSample/app/build/intermediates/manifest_merge_blame_file/debug/manifest-merger-blame-debug-report.txt
1<?xml version="1.0" encoding="utf-8"?>
2<!--
3  ~ Copyright (c) Microsoft Corporation. All rights reserved.
4  ~ Licensed under the MIT License.
5-->
6<manifest xmlns:android="http://schemas.android.com/apk/res/android"
7    package="com.microsoft.device.display.samples.navigationrail" >
8
9    <uses-sdk
10        android:minSdkVersion="23"
10-->src/main/AndroidManifest.xml
11        android:targetSdkVersion="31" />
11-->src/main/AndroidManifest.xml
12
13    <application
13-->src/main/AndroidManifest.xml:10:5-28:19
14        android:allowBackup="true"
14-->src/main/AndroidManifest.xml:11:9-35
15        android:appComponentFactory="androidx.core.app.CoreComponentFactory"
15-->[androidx.core:core:1.7.0] AndroidManifest.xml:24:18-86
16        android:debuggable="true"
17        android:extractNativeLibs="false"
18        android:icon="@mipmap/ic_launcher"
18-->src/main/AndroidManifest.xml:12:9-43
19        android:label="@string/app_name"
19-->src/main/AndroidManifest.xml:13:9-41
20        android:roundIcon="@mipmap/ic_launcher_round"
20-->src/main/AndroidManifest.xml:14:9-54
21        android:supportsRtl="true"
21-->src/main/AndroidManifest.xml:15:9-35
22        android:testOnly="true"
23        android:theme="@style/Theme.ComposeSamples" >
23-->src/main/AndroidManifest.xml:16:9-52
24        <activity
24-->src/main/AndroidManifest.xml:17:9-27:20
25            android:name="com.microsoft.device.display.samples.navigationrail.MainActivity"
25-->src/main/AndroidManifest.xml:18:13-92
26            android:exported="true"
26-->src/main/AndroidManifest.xml:19:13-36
27            android:label="@string/app_name"
27-->src/main/AndroidManifest.xml:20:13-45
28            android:theme="@style/Theme.ComposeSamples.NoActionBar" >
28-->src/main/AndroidManifest.xml:21:13-68
29            <intent-filter>
29-->src/main/AndroidManifest.xml:22:13-26:29
30                <action android:name="android.intent.action.MAIN" />
30-->src/main/AndroidManifest.xml:23:17-69
30-->src/main/AndroidManifest.xml:23:25-66
31
32                <category android:name="android.intent.category.LAUNCHER" />
32-->src/main/AndroidManifest.xml:25:17-77
32-->src/main/AndroidManifest.xml:25:27-74
33            </intent-filter>
34        </activity>
35        <activity
35-->[androidx.compose.ui:ui-tooling:1.1.1] AndroidManifest.xml:25:9-27:39
36            android:name="androidx.compose.ui.tooling.PreviewActivity"
36-->[androidx.compose.ui:ui-tooling:1.1.1] AndroidManifest.xml:26:13-71
37            android:exported="true" />
37-->[androidx.compose.ui:ui-tooling:1.1.1] AndroidManifest.xml:27:13-36
38
39        <uses-library
39-->[androidx.window:window:1.0.0] AndroidManifest.xml:25:9-27:40
40            android:name="androidx.window.extensions"
40-->[androidx.window:window:1.0.0] AndroidManifest.xml:26:13-54
41            android:required="false" />
41-->[androidx.window:window:1.0.0] AndroidManifest.xml:27:13-37
42        <uses-library
42-->[androidx.window:window:1.0.0] AndroidManifest.xml:28:9-30:40
43            android:name="androidx.window.sidecar"
43-->[androidx.window:window:1.0.0] AndroidManifest.xml:29:13-51
44            android:required="false" />
44-->[androidx.window:window:1.0.0] AndroidManifest.xml:30:13-37
45
46        <provider
46-->[androidx.emoji2:emoji2:1.0.0] AndroidManifest.xml:26:9-34:20
47            android:name="androidx.startup.InitializationProvider"
47-->[androidx.emoji2:emoji2:1.0.0] AndroidManifest.xml:27:13-67
48            android:authorities="com.microsoft.device.display.samples.navigationrail.androidx-startup"
48-->[androidx.emoji2:emoji2:1.0.0] AndroidManifest.xml:28:13-68
49            android:exported="false" >
49-->[androidx.emoji2:emoji2:1.0.0] AndroidManifest.xml:29:13-37
50            <meta-data
50-->[androidx.emoji2:emoji2:1.0.0] AndroidManifest.xml:31:13-33:52
51                android:name="androidx.emoji2.text.EmojiCompatInitializer"
51-->[androidx.emoji2:emoji2:1.0.0] AndroidManifest.xml:32:17-75
52                android:value="androidx.startup" />
52-->[androidx.emoji2:emoji2:1.0.0] AndroidManifest.xml:33:17-49
53            <meta-data
53-->[androidx.lifecycle:lifecycle-process:2.4.0] AndroidManifest.xml:31:13-33:52
54                android:name="androidx.lifecycle.ProcessLifecycleInitializer"
54-->[androidx.lifecycle:lifecycle-process:2.4.0] AndroidManifest.xml:32:17-78
55                android:value="androidx.startup" />
55-->[androidx.lifecycle:lifecycle-process:2.4.0] AndroidManifest.xml:33:17-49
56            <meta-data
56-->[androidx.profileinstaller:profileinstaller:1.1.0] AndroidManifest.xml:31:13-33:52
57                android:name="androidx.profileinstaller.ProfileInstallerInitializer"
57-->[androidx.profileinstaller:profileinstaller:1.1.0] AndroidManifest.xml:32:17-85
58                android:value="androidx.startup" />
58-->[androidx.profileinstaller:profileinstaller:1.1.0] AndroidManifest.xml:33:17-49
59        </provider>
60
61        <receiver
61-->[androidx.profileinstaller:profileinstaller:1.1.0] AndroidManifest.xml:36:9-45:20
62            android:name="androidx.profileinstaller.ProfileInstallReceiver"
62-->[androidx.profileinstaller:profileinstaller:1.1.0] AndroidManifest.xml:37:13-76
63            android:directBootAware="false"
63-->[androidx.profileinstaller:profileinstaller:1.1.0] AndroidManifest.xml:38:13-44
64            android:enabled="true"
64-->[androidx.profileinstaller:profileinstaller:1.1.0] AndroidManifest.xml:39:13-35
65            android:exported="true"
65-->[androidx.profileinstaller:profileinstaller:1.1.0] AndroidManifest.xml:40:13-36
66            android:permission="android.permission.DUMP" >
66-->[androidx.profileinstaller:profileinstaller:1.1.0] AndroidManifest.xml:41:13-57
67            <intent-filter>
67-->[androidx.profileinstaller:profileinstaller:1.1.0] AndroidManifest.xml:42:13-44:29
68                <action android:name="androidx.profileinstaller.action.INSTALL_PROFILE" />
68-->[androidx.profileinstaller:profileinstaller:1.1.0] AndroidManifest.xml:43:17-91
68-->[androidx.profileinstaller:profileinstaller:1.1.0] AndroidManifest.xml:43:25-88
69            </intent-filter>
70        </receiver>
71    </application>
72
73</manifest>